Build output check failed:
    Regex: 'argument .* is not valid'
    Output line: 'cc1: warning: ‘-Werror=’ argument ‘-Werror=non-virtual-dtor’ is not valid for C'
Compilation failed:
    source file: '/home/naburoky/Paralela/git_remoto/Paralela/Practicas/OpenCV/build/CMakeFiles/CMakeTmp/src.c'
    check option: ' -fsigned-char -W -Wall -Werror=return-type  -Werror=non-virtual-dtor'
===== BUILD LOG =====
Change Dir: /home/naburoky/Paralela/git_remoto/Paralela/Practicas/OpenCV/build/CMakeFiles/CMakeTmp

Run Build Command:"/usr/bin/make" "cmTC_35fdc/fast"
/usr/bin/make -f CMakeFiles/cmTC_35fdc.dir/build.make CMakeFiles/cmTC_35fdc.dir/build
make[1]: Entering directory '/home/naburoky/Paralela/git_remoto/Paralela/Practicas/OpenCV/build/CMakeFiles/CMakeTmp'
Building C object CMakeFiles/cmTC_35fdc.dir/src.c.o
/usr/bin/cc   -O3 -DNDEBUG -fPIE   -fsigned-char -W -Wall -Werror=return-type -Werror=non-virtual-dtor -o CMakeFiles/cmTC_35fdc.dir/src.c.o   -c /home/naburoky/Paralela/git_remoto/Paralela/Practicas/OpenCV/build/CMakeFiles/CMakeTmp/src.c
cc1: warning: ‘-Werror=’ argument ‘-Werror=non-virtual-dtor’ is not valid for C
/home/naburoky/Paralela/git_remoto/Paralela/Practicas/OpenCV/build/CMakeFiles/CMakeTmp/src.c:1:0: warning: ignoring #pragma   [-Wunknown-pragmas]
 #pragma
 
Linking C executable cmTC_35fdc
/usr/bin/cmake -E cmake_link_script CMakeFiles/cmTC_35fdc.dir/link.txt --verbose=1
/usr/bin/cc   -O3 -DNDEBUG    CMakeFiles/cmTC_35fdc.dir/src.c.o  -o cmTC_35fdc 
make[1]: Leaving directory '/home/naburoky/Paralela/git_remoto/Paralela/Practicas/OpenCV/build/CMakeFiles/CMakeTmp'

===== END =====

Build output check failed:
    Regex: 'command[- ]line option .* is valid for .* but not for C\+\+'
    Output line: 'cc1plus: warning: command line option ‘-Wmissing-prototypes’ is valid for C/ObjC but not for C++'
Compilation failed:
    source file: '/home/naburoky/Paralela/git_remoto/Paralela/Practicas/OpenCV/build/CMakeFiles/CMakeTmp/src.cxx'
    check option: ' -fsigned-char -W -Wall -Werror=return-type -Werror=non-virtual-dtor -Werror=address -Werror=sequence-point -Wformat -Werror=format-security -Wmissing-declarations  -Wmissing-prototypes'
===== BUILD LOG =====
Change Dir: /home/naburoky/Paralela/git_remoto/Paralela/Practicas/OpenCV/build/CMakeFiles/CMakeTmp

Run Build Command:"/usr/bin/make" "cmTC_0af5b/fast"
/usr/bin/make -f CMakeFiles/cmTC_0af5b.dir/build.make CMakeFiles/cmTC_0af5b.dir/build
make[1]: Entering directory '/home/naburoky/Paralela/git_remoto/Paralela/Practicas/OpenCV/build/CMakeFiles/CMakeTmp'
Building CXX object CMakeFiles/cmTC_0af5b.dir/src.cxx.o
/usr/bin/c++    -O3 -DNDEBUG -fPIE   -fsigned-char -W -Wall -Werror=return-type -Werror=non-virtual-dtor -Werror=address -Werror=sequence-point -Wformat -Werror=format-security -Wmissing-declarations -Wmissing-prototypes -std=c++11 -o CMakeFiles/cmTC_0af5b.dir/src.cxx.o -c /home/naburoky/Paralela/git_remoto/Paralela/Practicas/OpenCV/build/CMakeFiles/CMakeTmp/src.cxx
cc1plus: warning: command line option ‘-Wmissing-prototypes’ is valid for C/ObjC but not for C++
/home/naburoky/Paralela/git_remoto/Paralela/Practicas/OpenCV/build/CMakeFiles/CMakeTmp/src.cxx:1:0: warning: ignoring #pragma   [-Wunknown-pragmas]
 #pragma
 
Linking CXX executable cmTC_0af5b
/usr/bin/cmake -E cmake_link_script CMakeFiles/cmTC_0af5b.dir/link.txt --verbose=1
/usr/bin/c++    -O3 -DNDEBUG    CMakeFiles/cmTC_0af5b.dir/src.cxx.o  -o cmTC_0af5b 
make[1]: Leaving directory '/home/naburoky/Paralela/git_remoto/Paralela/Practicas/OpenCV/build/CMakeFiles/CMakeTmp'

===== END =====

Build output check failed:
    Regex: 'command[- ]line option .* is valid for .* but not for C\+\+'
    Output line: 'cc1plus: warning: command line option ‘-Wstrict-prototypes’ is valid for C/ObjC but not for C++'
Compilation failed:
    source file: '/home/naburoky/Paralela/git_remoto/Paralela/Practicas/OpenCV/build/CMakeFiles/CMakeTmp/src.cxx'
    check option: ' -fsigned-char -W -Wall -Werror=return-type -Werror=non-virtual-dtor -Werror=address -Werror=sequence-point -Wformat -Werror=format-security -Wmissing-declarations  -Wstrict-prototypes'
===== BUILD LOG =====
Change Dir: /home/naburoky/Paralela/git_remoto/Paralela/Practicas/OpenCV/build/CMakeFiles/CMakeTmp

Run Build Command:"/usr/bin/make" "cmTC_6663c/fast"
/usr/bin/make -f CMakeFiles/cmTC_6663c.dir/build.make CMakeFiles/cmTC_6663c.dir/build
make[1]: Entering directory '/home/naburoky/Paralela/git_remoto/Paralela/Practicas/OpenCV/build/CMakeFiles/CMakeTmp'
Building CXX object CMakeFiles/cmTC_6663c.dir/src.cxx.o
/usr/bin/c++    -O3 -DNDEBUG -fPIE   -fsigned-char -W -Wall -Werror=return-type -Werror=non-virtual-dtor -Werror=address -Werror=sequence-point -Wformat -Werror=format-security -Wmissing-declarations -Wstrict-prototypes -std=c++11 -o CMakeFiles/cmTC_6663c.dir/src.cxx.o -c /home/naburoky/Paralela/git_remoto/Paralela/Practicas/OpenCV/build/CMakeFiles/CMakeTmp/src.cxx
cc1plus: warning: command line option ‘-Wstrict-prototypes’ is valid for C/ObjC but not for C++
/home/naburoky/Paralela/git_remoto/Paralela/Practicas/OpenCV/build/CMakeFiles/CMakeTmp/src.cxx:1:0: warning: ignoring #pragma   [-Wunknown-pragmas]
 #pragma
 
Linking CXX executable cmTC_6663c
/usr/bin/cmake -E cmake_link_script CMakeFiles/cmTC_6663c.dir/link.txt --verbose=1
/usr/bin/c++    -O3 -DNDEBUG    CMakeFiles/cmTC_6663c.dir/src.cxx.o  -o cmTC_6663c 
make[1]: Leaving directory '/home/naburoky/Paralela/git_remoto/Paralela/Practicas/OpenCV/build/CMakeFiles/CMakeTmp'

===== END =====

Build output check failed:
    Regex: 'command[- ]line option .* is valid for .* but not for C'
    Output line: 'cc1: warning: command line option ‘-Wsign-promo’ is valid for C++/ObjC++ but not for C'
Compilation failed:
    source file: '/home/naburoky/Paralela/git_remoto/Paralela/Practicas/OpenCV/build/CMakeFiles/CMakeTmp/src.c'
    check option: ' -fsigned-char -W -Wall -Werror=return-type -Werror=address -Werror=sequence-point -Wformat -Werror=format-security -Wmissing-declarations -Wmissing-prototypes -Wstrict-prototypes -Wundef -Winit-self -Wpointer-arith -Wshadow  -Wsign-promo'
===== BUILD LOG =====
Change Dir: /home/naburoky/Paralela/git_remoto/Paralela/Practicas/OpenCV/build/CMakeFiles/CMakeTmp

Run Build Command:"/usr/bin/make" "cmTC_e9a31/fast"
/usr/bin/make -f CMakeFiles/cmTC_e9a31.dir/build.make CMakeFiles/cmTC_e9a31.dir/build
make[1]: Entering directory '/home/naburoky/Paralela/git_remoto/Paralela/Practicas/OpenCV/build/CMakeFiles/CMakeTmp'
Building C object CMakeFiles/cmTC_e9a31.dir/src.c.o
/usr/bin/cc   -O3 -DNDEBUG -fPIE   -fsigned-char -W -Wall -Werror=return-type -Werror=address -Werror=sequence-point -Wformat -Werror=format-security -Wmissing-declarations -Wmissing-prototypes -Wstrict-prototypes -Wundef -Winit-self -Wpointer-arith -Wshadow -Wsign-promo -o CMakeFiles/cmTC_e9a31.dir/src.c.o   -c /home/naburoky/Paralela/git_remoto/Paralela/Practicas/OpenCV/build/CMakeFiles/CMakeTmp/src.c
cc1: warning: command line option ‘-Wsign-promo’ is valid for C++/ObjC++ but not for C
/home/naburoky/Paralela/git_remoto/Paralela/Practicas/OpenCV/build/CMakeFiles/CMakeTmp/src.c:1:0: warning: ignoring #pragma   [-Wunknown-pragmas]
 #pragma
 
Linking C executable cmTC_e9a31
/usr/bin/cmake -E cmake_link_script CMakeFiles/cmTC_e9a31.dir/link.txt --verbose=1
/usr/bin/cc   -O3 -DNDEBUG    CMakeFiles/cmTC_e9a31.dir/src.c.o  -o cmTC_e9a31 
make[1]: Leaving directory '/home/naburoky/Paralela/git_remoto/Paralela/Practicas/OpenCV/build/CMakeFiles/CMakeTmp'

===== END =====

Build output check failed:
    Regex: 'command[- ]line option .* is valid for .* but not for C'
    Output line: 'cc1: warning: command line option ‘-Wsuggest-override’ is valid for C++/ObjC++ but not for C'
Compilation failed:
    source file: '/home/naburoky/Paralela/git_remoto/Paralela/Practicas/OpenCV/build/CMakeFiles/CMakeTmp/src.c'
    check option: ' -fsigned-char -W -Wall -Werror=return-type -Werror=address -Werror=sequence-point -Wformat -Werror=format-security -Wmissing-declarations -Wmissing-prototypes -Wstrict-prototypes -Wundef -Winit-self -Wpointer-arith -Wshadow -Wuninitialized  -Wsuggest-override'
===== BUILD LOG =====
Change Dir: /home/naburoky/Paralela/git_remoto/Paralela/Practicas/OpenCV/build/CMakeFiles/CMakeTmp

Run Build Command:"/usr/bin/make" "cmTC_8f798/fast"
/usr/bin/make -f CMakeFiles/cmTC_8f798.dir/build.make CMakeFiles/cmTC_8f798.dir/build
make[1]: Entering directory '/home/naburoky/Paralela/git_remoto/Paralela/Practicas/OpenCV/build/CMakeFiles/CMakeTmp'
Building C object CMakeFiles/cmTC_8f798.dir/src.c.o
/usr/bin/cc   -O3 -DNDEBUG -fPIE   -fsigned-char -W -Wall -Werror=return-type -Werror=address -Werror=sequence-point -Wformat -Werror=format-security -Wmissing-declarations -Wmissing-prototypes -Wstrict-prototypes -Wundef -Winit-self -Wpointer-arith -Wshadow -Wuninitialized -Wsuggest-override -o CMakeFiles/cmTC_8f798.dir/src.c.o   -c /home/naburoky/Paralela/git_remoto/Paralela/Practicas/OpenCV/build/CMakeFiles/CMakeTmp/src.c
cc1: warning: command line option ‘-Wsuggest-override’ is valid for C++/ObjC++ but not for C
/home/naburoky/Paralela/git_remoto/Paralela/Practicas/OpenCV/build/CMakeFiles/CMakeTmp/src.c:1:0: warning: ignoring #pragma   [-Wunknown-pragmas]
 #pragma
 
Linking C executable cmTC_8f798
/usr/bin/cmake -E cmake_link_script CMakeFiles/cmTC_8f798.dir/link.txt --verbose=1
/usr/bin/cc   -O3 -DNDEBUG    CMakeFiles/cmTC_8f798.dir/src.c.o  -o cmTC_8f798 
make[1]: Leaving directory '/home/naburoky/Paralela/git_remoto/Paralela/Practicas/OpenCV/build/CMakeFiles/CMakeTmp'

===== END =====

Build output check failed:
    Regex: 'command[- ]line option .* is valid for .* but not for C'
    Output line: 'cc1: warning: command line option ‘-Wno-delete-non-virtual-dtor’ is valid for C++/ObjC++ but not for C'
Compilation failed:
    source file: '/home/naburoky/Paralela/git_remoto/Paralela/Practicas/OpenCV/build/CMakeFiles/CMakeTmp/src.c'
    check option: ' -fsigned-char -W -Wall -Werror=return-type -Werror=address -Werror=sequence-point -Wformat -Werror=format-security -Wmissing-declarations -Wmissing-prototypes -Wstrict-prototypes -Wundef -Winit-self -Wpointer-arith -Wshadow -Wuninitialized  -Wno-delete-non-virtual-dtor'
===== BUILD LOG =====
Change Dir: /home/naburoky/Paralela/git_remoto/Paralela/Practicas/OpenCV/build/CMakeFiles/CMakeTmp

Run Build Command:"/usr/bin/make" "cmTC_8cd2c/fast"
/usr/bin/make -f CMakeFiles/cmTC_8cd2c.dir/build.make CMakeFiles/cmTC_8cd2c.dir/build
make[1]: Entering directory '/home/naburoky/Paralela/git_remoto/Paralela/Practicas/OpenCV/build/CMakeFiles/CMakeTmp'
Building C object CMakeFiles/cmTC_8cd2c.dir/src.c.o
/usr/bin/cc   -O3 -DNDEBUG -fPIE   -fsigned-char -W -Wall -Werror=return-type -Werror=address -Werror=sequence-point -Wformat -Werror=format-security -Wmissing-declarations -Wmissing-prototypes -Wstrict-prototypes -Wundef -Winit-self -Wpointer-arith -Wshadow -Wuninitialized -Wno-delete-non-virtual-dtor -o CMakeFiles/cmTC_8cd2c.dir/src.c.o   -c /home/naburoky/Paralela/git_remoto/Paralela/Practicas/OpenCV/build/CMakeFiles/CMakeTmp/src.c
cc1: warning: command line option ‘-Wno-delete-non-virtual-dtor’ is valid for C++/ObjC++ but not for C
/home/naburoky/Paralela/git_remoto/Paralela/Practicas/OpenCV/build/CMakeFiles/CMakeTmp/src.c:1:0: warning: ignoring #pragma   [-Wunknown-pragmas]
 #pragma
 
Linking C executable cmTC_8cd2c
/usr/bin/cmake -E cmake_link_script CMakeFiles/cmTC_8cd2c.dir/link.txt --verbose=1
/usr/bin/cc   -O3 -DNDEBUG    CMakeFiles/cmTC_8cd2c.dir/src.c.o  -o cmTC_8cd2c 
make[1]: Leaving directory '/home/naburoky/Paralela/git_remoto/Paralela/Practicas/OpenCV/build/CMakeFiles/CMakeTmp'

===== END =====

Build output check failed:
    Regex: 'unrecognized .*option'
    Output line: 'cc1plus: warning: unrecognized command line option ‘-Wno-unnamed-type-template-args’'
Compilation failed:
    source file: '/home/naburoky/Paralela/git_remoto/Paralela/Practicas/OpenCV/build/CMakeFiles/CMakeTmp/src.cxx'
    check option: ' -fsigned-char -W -Wall -Werror=return-type -Werror=non-virtual-dtor -Werror=address -Werror=sequence-point -Wformat -Werror=format-security -Wmissing-declarations -Wundef -Winit-self -Wpointer-arith -Wshadow -Wsign-promo -Wuninitialized -Wsuggest-override -Wno-delete-non-virtual-dtor  -Wno-unnamed-type-template-args'
===== BUILD LOG =====
Change Dir: /home/naburoky/Paralela/git_remoto/Paralela/Practicas/OpenCV/build/CMakeFiles/CMakeTmp

Run Build Command:"/usr/bin/make" "cmTC_b9b00/fast"
/usr/bin/make -f CMakeFiles/cmTC_b9b00.dir/build.make CMakeFiles/cmTC_b9b00.dir/build
make[1]: Entering directory '/home/naburoky/Paralela/git_remoto/Paralela/Practicas/OpenCV/build/CMakeFiles/CMakeTmp'
Building CXX object CMakeFiles/cmTC_b9b00.dir/src.cxx.o
/usr/bin/c++    -O3 -DNDEBUG -fPIE   -fsigned-char -W -Wall -Werror=return-type -Werror=non-virtual-dtor -Werror=address -Werror=sequence-point -Wformat -Werror=format-security -Wmissing-declarations -Wundef -Winit-self -Wpointer-arith -Wshadow -Wsign-promo -Wuninitialized -Wsuggest-override -Wno-delete-non-virtual-dtor -Wno-unnamed-type-template-args -std=c++11 -o CMakeFiles/cmTC_b9b00.dir/src.cxx.o -c /home/naburoky/Paralela/git_remoto/Paralela/Practicas/OpenCV/build/CMakeFiles/CMakeTmp/src.cxx
/home/naburoky/Paralela/git_remoto/Paralela/Practicas/OpenCV/build/CMakeFiles/CMakeTmp/src.cxx:1:0: warning: ignoring #pragma   [-Wunknown-pragmas]
 #pragma
 
cc1plus: warning: unrecognized command line option ‘-Wno-unnamed-type-template-args’
Linking CXX executable cmTC_b9b00
/usr/bin/cmake -E cmake_link_script CMakeFiles/cmTC_b9b00.dir/link.txt --verbose=1
/usr/bin/c++    -O3 -DNDEBUG    CMakeFiles/cmTC_b9b00.dir/src.cxx.o  -o cmTC_b9b00 
make[1]: Leaving directory '/home/naburoky/Paralela/git_remoto/Paralela/Practicas/OpenCV/build/CMakeFiles/CMakeTmp'

===== END =====

Build output check failed:
    Regex: 'unrecognized .*option'
    Output line: 'cc1: warning: unrecognized command line option ‘-Wno-unnamed-type-template-args’'
Compilation failed:
    source file: '/home/naburoky/Paralela/git_remoto/Paralela/Practicas/OpenCV/build/CMakeFiles/CMakeTmp/src.c'
    check option: ' -fsigned-char -W -Wall -Werror=return-type -Werror=address -Werror=sequence-point -Wformat -Werror=format-security -Wmissing-declarations -Wmissing-prototypes -Wstrict-prototypes -Wundef -Winit-self -Wpointer-arith -Wshadow -Wuninitialized  -Wno-unnamed-type-template-args'
===== BUILD LOG =====
Change Dir: /home/naburoky/Paralela/git_remoto/Paralela/Practicas/OpenCV/build/CMakeFiles/CMakeTmp

Run Build Command:"/usr/bin/make" "cmTC_f14a7/fast"
/usr/bin/make -f CMakeFiles/cmTC_f14a7.dir/build.make CMakeFiles/cmTC_f14a7.dir/build
make[1]: Entering directory '/home/naburoky/Paralela/git_remoto/Paralela/Practicas/OpenCV/build/CMakeFiles/CMakeTmp'
Building C object CMakeFiles/cmTC_f14a7.dir/src.c.o
/usr/bin/cc   -O3 -DNDEBUG -fPIE   -fsigned-char -W -Wall -Werror=return-type -Werror=address -Werror=sequence-point -Wformat -Werror=format-security -Wmissing-declarations -Wmissing-prototypes -Wstrict-prototypes -Wundef -Winit-self -Wpointer-arith -Wshadow -Wuninitialized -Wno-unnamed-type-template-args -o CMakeFiles/cmTC_f14a7.dir/src.c.o   -c /home/naburoky/Paralela/git_remoto/Paralela/Practicas/OpenCV/build/CMakeFiles/CMakeTmp/src.c
/home/naburoky/Paralela/git_remoto/Paralela/Practicas/OpenCV/build/CMakeFiles/CMakeTmp/src.c:1:0: warning: ignoring #pragma   [-Wunknown-pragmas]
 #pragma
 
cc1: warning: unrecognized command line option ‘-Wno-unnamed-type-template-args’
Linking C executable cmTC_f14a7
/usr/bin/cmake -E cmake_link_script CMakeFiles/cmTC_f14a7.dir/link.txt --verbose=1
/usr/bin/cc   -O3 -DNDEBUG    CMakeFiles/cmTC_f14a7.dir/src.c.o  -o cmTC_f14a7 
make[1]: Leaving directory '/home/naburoky/Paralela/git_remoto/Paralela/Practicas/OpenCV/build/CMakeFiles/CMakeTmp'

===== END =====

Build output check failed:
    Regex: 'command[- ]line option .* is valid for .* but not for C'
    Output line: 'cc1: warning: command line option ‘-fvisibility-inlines-hidden’ is valid for C++/ObjC++ but not for C'
Compilation failed:
    source file: '/home/naburoky/Paralela/git_remoto/Paralela/Practicas/OpenCV/build/CMakeFiles/CMakeTmp/src.c'
    check option: ' -fsigned-char -W -Wall -Werror=return-type -Werror=address -Werror=sequence-point -Wformat -Werror=format-security -Wmissing-declarations -Wmissing-prototypes -Wstrict-prototypes -Wundef -Winit-self -Wpointer-arith -Wshadow -Wuninitialized -Wno-comment -Wimplicit-fallthrough=3 -Wno-strict-overflow -fdiagnostics-show-option -Wno-long-long -pthread -fomit-frame-pointer -ffunction-sections -fdata-sections  -msse -msse2 -msse3 -fvisibility=hidden  -fvisibility-inlines-hidden'
===== BUILD LOG =====
Change Dir: /home/naburoky/Paralela/git_remoto/Paralela/Practicas/OpenCV/build/CMakeFiles/CMakeTmp

Run Build Command:"/usr/bin/make" "cmTC_330a2/fast"
/usr/bin/make -f CMakeFiles/cmTC_330a2.dir/build.make CMakeFiles/cmTC_330a2.dir/build
make[1]: Entering directory '/home/naburoky/Paralela/git_remoto/Paralela/Practicas/OpenCV/build/CMakeFiles/CMakeTmp'
Building C object CMakeFiles/cmTC_330a2.dir/src.c.o
/usr/bin/cc   -O3 -DNDEBUG -fPIE   -fsigned-char -W -Wall -Werror=return-type -Werror=address -Werror=sequence-point -Wformat -Werror=format-security -Wmissing-declarations -Wmissing-prototypes -Wstrict-prototypes -Wundef -Winit-self -Wpointer-arith -Wshadow -Wuninitialized -Wno-comment -Wimplicit-fallthrough=3 -Wno-strict-overflow -fdiagnostics-show-option -Wno-long-long -pthread -fomit-frame-pointer -ffunction-sections -fdata-sections -msse -msse2 -msse3 -fvisibility=hidden -fvisibility-inlines-hidden -o CMakeFiles/cmTC_330a2.dir/src.c.o   -c /home/naburoky/Paralela/git_remoto/Paralela/Practicas/OpenCV/build/CMakeFiles/CMakeTmp/src.c
cc1: warning: command line option ‘-fvisibility-inlines-hidden’ is valid for C++/ObjC++ but not for C
/home/naburoky/Paralela/git_remoto/Paralela/Practicas/OpenCV/build/CMakeFiles/CMakeTmp/src.c:1:0: warning: ignoring #pragma   [-Wunknown-pragmas]
 #pragma
 
Linking C executable cmTC_330a2
/usr/bin/cmake -E cmake_link_script CMakeFiles/cmTC_330a2.dir/link.txt --verbose=1
/usr/bin/cc   -O3 -DNDEBUG    CMakeFiles/cmTC_330a2.dir/src.c.o  -o cmTC_330a2 
make[1]: Leaving directory '/home/naburoky/Paralela/git_remoto/Paralela/Practicas/OpenCV/build/CMakeFiles/CMakeTmp'

===== END =====

Build output check failed:
    Regex: 'command[- ]line option .* is valid for .* but not for C\+\+'
    Output line: 'cc1plus: warning: command line option ‘-Wno-missing-prototypes’ is valid for C/ObjC but not for C++'
Compilation failed:
    source file: '/home/naburoky/Paralela/git_remoto/Paralela/Practicas/OpenCV/build/CMakeFiles/CMakeTmp/src.cxx'
    check option: ' -Wno-missing-prototypes'
===== BUILD LOG =====
Change Dir: /home/naburoky/Paralela/git_remoto/Paralela/Practicas/OpenCV/build/CMakeFiles/CMakeTmp

Run Build Command:"/usr/bin/make" "cmTC_3a4c9/fast"
/usr/bin/make -f CMakeFiles/cmTC_3a4c9.dir/build.make CMakeFiles/cmTC_3a4c9.dir/build
make[1]: Entering directory '/home/naburoky/Paralela/git_remoto/Paralela/Practicas/OpenCV/build/CMakeFiles/CMakeTmp'
Building CXX object CMakeFiles/cmTC_3a4c9.dir/src.cxx.o
/usr/bin/c++    -fsigned-char -W -Wall -Werror=return-type -Werror=non-virtual-dtor -Werror=address -Werror=sequence-point -Wformat -Werror=format-security -Wmissing-declarations -Wundef -Winit-self -Wpointer-arith -Wshadow -Wsign-promo -Wuninitialized -Wsuggest-override -Wno-delete-non-virtual-dtor -Wno-comment -Wimplicit-fallthrough=3 -Wno-strict-overflow -fdiagnostics-show-option -Wno-long-long -pthread -fomit-frame-pointer -ffunction-sections -fdata-sections  -msse -msse2 -msse3 -fvisibility=hidden -fvisibility-inlines-hidden -Wno-deprecated  -O3 -DNDEBUG  -DNDEBUG -fPIE   -Wno-missing-prototypes -std=c++11 -o CMakeFiles/cmTC_3a4c9.dir/src.cxx.o -c /home/naburoky/Paralela/git_remoto/Paralela/Practicas/OpenCV/build/CMakeFiles/CMakeTmp/src.cxx
cc1plus: warning: command line option ‘-Wno-missing-prototypes’ is valid for C/ObjC but not for C++
/home/naburoky/Paralela/git_remoto/Paralela/Practicas/OpenCV/build/CMakeFiles/CMakeTmp/src.cxx:1:0: warning: ignoring #pragma   [-Wunknown-pragmas]
 #pragma
 
Linking CXX executable cmTC_3a4c9
/usr/bin/cmake -E cmake_link_script CMakeFiles/cmTC_3a4c9.dir/link.txt --verbose=1
/usr/bin/c++     -fsigned-char -W -Wall -Werror=return-type -Werror=non-virtual-dtor -Werror=address -Werror=sequence-point -Wformat -Werror=format-security -Wmissing-declarations -Wundef -Winit-self -Wpointer-arith -Wshadow -Wsign-promo -Wuninitialized -Wsuggest-override -Wno-delete-non-virtual-dtor -Wno-comment -Wimplicit-fallthrough=3 -Wno-strict-overflow -fdiagnostics-show-option -Wno-long-long -pthread -fomit-frame-pointer -ffunction-sections -fdata-sections  -msse -msse2 -msse3 -fvisibility=hidden -fvisibility-inlines-hidden -Wno-deprecated  -O3 -DNDEBUG  -DNDEBUG    -Wl,--gc-sections -Wl,--as-needed  CMakeFiles/cmTC_3a4c9.dir/src.cxx.o  -o cmTC_3a4c9 
make[1]: Leaving directory '/home/naburoky/Paralela/git_remoto/Paralela/Practicas/OpenCV/build/CMakeFiles/CMakeTmp'

===== END =====

Build output check failed:
    Regex: 'unrecognized .*option'
    Output line: 'cc1plus: warning: unrecognized command line option ‘-Wno-tautological-undefined-compare’'
Compilation failed:
    source file: '/home/naburoky/Paralela/git_remoto/Paralela/Practicas/OpenCV/build/CMakeFiles/CMakeTmp/src.cxx'
    check option: ' -Wno-tautological-undefined-compare'
===== BUILD LOG =====
Change Dir: /home/naburoky/Paralela/git_remoto/Paralela/Practicas/OpenCV/build/CMakeFiles/CMakeTmp

Run Build Command:"/usr/bin/make" "cmTC_3d75a/fast"
/usr/bin/make -f CMakeFiles/cmTC_3d75a.dir/build.make CMakeFiles/cmTC_3d75a.dir/build
make[1]: Entering directory '/home/naburoky/Paralela/git_remoto/Paralela/Practicas/OpenCV/build/CMakeFiles/CMakeTmp'
Building CXX object CMakeFiles/cmTC_3d75a.dir/src.cxx.o
/usr/bin/c++    -fsigned-char -W -Wall -Werror=return-type -Werror=non-virtual-dtor -Werror=address -Werror=sequence-point -Wformat -Werror=format-security -Winit-self -Wpointer-arith -Wuninitialized -Wsuggest-override -Wno-delete-non-virtual-dtor -Wno-comment -Wimplicit-fallthrough=3 -Wno-strict-overflow -fdiagnostics-show-option -Wno-long-long -pthread -fomit-frame-pointer -ffunction-sections -fdata-sections  -msse -msse2 -msse3 -fvisibility=hidden -fvisibility-inlines-hidden -Wno-deprecated -Wno-missing-declarations -Wno-shadow -Wno-unused-parameter -Wno-unused-local-typedefs -Wno-sign-compare -Wno-sign-promo -Wno-undef  -O3 -DNDEBUG  -DNDEBUG -fPIE   -Wno-tautological-undefined-compare -std=c++11 -o CMakeFiles/cmTC_3d75a.dir/src.cxx.o -c /home/naburoky/Paralela/git_remoto/Paralela/Practicas/OpenCV/build/CMakeFiles/CMakeTmp/src.cxx
/home/naburoky/Paralela/git_remoto/Paralela/Practicas/OpenCV/build/CMakeFiles/CMakeTmp/src.cxx:1:0: warning: ignoring #pragma   [-Wunknown-pragmas]
 #pragma
 
cc1plus: warning: unrecognized command line option ‘-Wno-tautological-undefined-compare’
Linking CXX executable cmTC_3d75a
/usr/bin/cmake -E cmake_link_script CMakeFiles/cmTC_3d75a.dir/link.txt --verbose=1
/usr/bin/c++     -fsigned-char -W -Wall -Werror=return-type -Werror=non-virtual-dtor -Werror=address -Werror=sequence-point -Wformat -Werror=format-security -Winit-self -Wpointer-arith -Wuninitialized -Wsuggest-override -Wno-delete-non-virtual-dtor -Wno-comment -Wimplicit-fallthrough=3 -Wno-strict-overflow -fdiagnostics-show-option -Wno-long-long -pthread -fomit-frame-pointer -ffunction-sections -fdata-sections  -msse -msse2 -msse3 -fvisibility=hidden -fvisibility-inlines-hidden -Wno-deprecated -Wno-missing-declarations -Wno-shadow -Wno-unused-parameter -Wno-unused-local-typedefs -Wno-sign-compare -Wno-sign-promo -Wno-undef  -O3 -DNDEBUG  -DNDEBUG    -Wl,--gc-sections -Wl,--as-needed  CMakeFiles/cmTC_3d75a.dir/src.cxx.o  -o cmTC_3d75a 
make[1]: Leaving directory '/home/naburoky/Paralela/git_remoto/Paralela/Practicas/OpenCV/build/CMakeFiles/CMakeTmp'

===== END =====

Build output check failed:
    Regex: 'unrecognized .*option'
    Output line: 'cc1plus: warning: unrecognized command line option ‘-Wno-shorten-64-to-32’'
Compilation failed:
    source file: '/home/naburoky/Paralela/git_remoto/Paralela/Practicas/OpenCV/build/CMakeFiles/CMakeTmp/src.cxx'
    check option: ' -Wno-shorten-64-to-32'
===== BUILD LOG =====
Change Dir: /home/naburoky/Paralela/git_remoto/Paralela/Practicas/OpenCV/build/CMakeFiles/CMakeTmp

Run Build Command:"/usr/bin/make" "cmTC_cb2f3/fast"
/usr/bin/make -f CMakeFiles/cmTC_cb2f3.dir/build.make CMakeFiles/cmTC_cb2f3.dir/build
make[1]: Entering directory '/home/naburoky/Paralela/git_remoto/Paralela/Practicas/OpenCV/build/CMakeFiles/CMakeTmp'
Building CXX object CMakeFiles/cmTC_cb2f3.dir/src.cxx.o
/usr/bin/c++    -fsigned-char -W -Wall -Werror=return-type -Werror=non-virtual-dtor -Werror=address -Werror=sequence-point -Wformat -Werror=format-security -Winit-self -Wpointer-arith -Wuninitialized -Wsuggest-override -Wno-delete-non-virtual-dtor -Wno-comment -Wimplicit-fallthrough=3 -Wno-strict-overflow -fdiagnostics-show-option -Wno-long-long -pthread -fomit-frame-pointer -ffunction-sections -fdata-sections  -msse -msse2 -msse3 -fvisibility=hidden -fvisibility-inlines-hidden -Wno-deprecated -Wno-missing-declarations -Wno-shadow -Wno-unused-parameter -Wno-unused-local-typedefs -Wno-sign-compare -Wno-sign-promo -Wno-undef -Wno-ignored-qualifiers -Wno-extra -Wno-unused-function -Wno-unused-const-variable  -O3 -DNDEBUG  -DNDEBUG -fPIE   -Wno-shorten-64-to-32 -std=c++11 -o CMakeFiles/cmTC_cb2f3.dir/src.cxx.o -c /home/naburoky/Paralela/git_remoto/Paralela/Practicas/OpenCV/build/CMakeFiles/CMakeTmp/src.cxx
/home/naburoky/Paralela/git_remoto/Paralela/Practicas/OpenCV/build/CMakeFiles/CMakeTmp/src.cxx:1:0: warning: ignoring #pragma   [-Wunknown-pragmas]
 #pragma
 
cc1plus: warning: unrecognized command line option ‘-Wno-shorten-64-to-32’
Linking CXX executable cmTC_cb2f3
/usr/bin/cmake -E cmake_link_script CMakeFiles/cmTC_cb2f3.dir/link.txt --verbose=1
/usr/bin/c++     -fsigned-char -W -Wall -Werror=return-type -Werror=non-virtual-dtor -Werror=address -Werror=sequence-point -Wformat -Werror=format-security -Winit-self -Wpointer-arith -Wuninitialized -Wsuggest-override -Wno-delete-non-virtual-dtor -Wno-comment -Wimplicit-fallthrough=3 -Wno-strict-overflow -fdiagnostics-show-option -Wno-long-long -pthread -fomit-frame-pointer -ffunction-sections -fdata-sections  -msse -msse2 -msse3 -fvisibility=hidden -fvisibility-inlines-hidden -Wno-deprecated -Wno-missing-declarations -Wno-shadow -Wno-unused-parameter -Wno-unused-local-typedefs -Wno-sign-compare -Wno-sign-promo -Wno-undef -Wno-ignored-qualifiers -Wno-extra -Wno-unused-function -Wno-unused-const-variable  -O3 -DNDEBUG  -DNDEBUG    -Wl,--gc-sections -Wl,--as-needed  CMakeFiles/cmTC_cb2f3.dir/src.cxx.o  -o cmTC_cb2f3 
make[1]: Leaving directory '/home/naburoky/Paralela/git_remoto/Paralela/Practicas/OpenCV/build/CMakeFiles/CMakeTmp'

===== END =====

Build output check failed:
    Regex: 'unrecognized .*option'
    Output line: 'cc1plus: warning: unrecognized command line option ‘-Wno-enum-compare-switch’'
Compilation failed:
    source file: '/home/naburoky/Paralela/git_remoto/Paralela/Practicas/OpenCV/build/CMakeFiles/CMakeTmp/src.cxx'
    check option: ' -Wno-enum-compare-switch'
===== BUILD LOG =====
Change Dir: /home/naburoky/Paralela/git_remoto/Paralela/Practicas/OpenCV/build/CMakeFiles/CMakeTmp

Run Build Command:"/usr/bin/make" "cmTC_209fc/fast"
/usr/bin/make -f CMakeFiles/cmTC_209fc.dir/build.make CMakeFiles/cmTC_209fc.dir/build
make[1]: Entering directory '/home/naburoky/Paralela/git_remoto/Paralela/Practicas/OpenCV/build/CMakeFiles/CMakeTmp'
Building CXX object CMakeFiles/cmTC_209fc.dir/src.cxx.o
/usr/bin/c++    -fsigned-char -W -Wall -Werror=return-type -Werror=non-virtual-dtor -Werror=address -Werror=sequence-point -Wformat -Werror=format-security -Winit-self -Wpointer-arith -Wuninitialized -Wsuggest-override -Wno-delete-non-virtual-dtor -Wno-comment -Wimplicit-fallthrough=3 -Wno-strict-overflow -fdiagnostics-show-option -Wno-long-long -pthread -fomit-frame-pointer -ffunction-sections -fdata-sections  -msse -msse2 -msse3 -fvisibility=hidden -fvisibility-inlines-hidden -Wno-deprecated -Wno-missing-declarations -Wno-shadow -Wno-unused-parameter -Wno-unused-local-typedefs -Wno-sign-compare -Wno-sign-promo -Wno-undef -Wno-ignored-qualifiers -Wno-extra -Wno-unused-function -Wno-unused-const-variable -Wno-invalid-offsetof  -O3 -DNDEBUG  -DNDEBUG -fPIE   -Wno-enum-compare-switch -std=c++11 -o CMakeFiles/cmTC_209fc.dir/src.cxx.o -c /home/naburoky/Paralela/git_remoto/Paralela/Practicas/OpenCV/build/CMakeFiles/CMakeTmp/src.cxx
/home/naburoky/Paralela/git_remoto/Paralela/Practicas/OpenCV/build/CMakeFiles/CMakeTmp/src.cxx:1:0: warning: ignoring #pragma   [-Wunknown-pragmas]
 #pragma
 
cc1plus: warning: unrecognized command line option ‘-Wno-enum-compare-switch’
Linking CXX executable cmTC_209fc
/usr/bin/cmake -E cmake_link_script CMakeFiles/cmTC_209fc.dir/link.txt --verbose=1
/usr/bin/c++     -fsigned-char -W -Wall -Werror=return-type -Werror=non-virtual-dtor -Werror=address -Werror=sequence-point -Wformat -Werror=format-security -Winit-self -Wpointer-arith -Wuninitialized -Wsuggest-override -Wno-delete-non-virtual-dtor -Wno-comment -Wimplicit-fallthrough=3 -Wno-strict-overflow -fdiagnostics-show-option -Wno-long-long -pthread -fomit-frame-pointer -ffunction-sections -fdata-sections  -msse -msse2 -msse3 -fvisibility=hidden -fvisibility-inlines-hidden -Wno-deprecated -Wno-missing-declarations -Wno-shadow -Wno-unused-parameter -Wno-unused-local-typedefs -Wno-sign-compare -Wno-sign-promo -Wno-undef -Wno-ignored-qualifiers -Wno-extra -Wno-unused-function -Wno-unused-const-variable -Wno-invalid-offsetof  -O3 -DNDEBUG  -DNDEBUG    -Wl,--gc-sections -Wl,--as-needed  CMakeFiles/cmTC_209fc.dir/src.cxx.o  -o cmTC_209fc 
make[1]: Leaving directory '/home/naburoky/Paralela/git_remoto/Paralela/Practicas/OpenCV/build/CMakeFiles/CMakeTmp'

===== END =====

Build output check failed:
    Regex: 'unrecognized .*option'
    Output line: 'cc1plus: warning: unrecognized command line option ‘-Wno-inconsistent-missing-override’'
Compilation failed:
    source file: '/home/naburoky/Paralela/git_remoto/Paralela/Practicas/OpenCV/build/CMakeFiles/CMakeTmp/src.cxx'
    check option: ' -Wno-inconsistent-missing-override'
===== BUILD LOG =====
Change Dir: /home/naburoky/Paralela/git_remoto/Paralela/Practicas/OpenCV/build/CMakeFiles/CMakeTmp

Run Build Command:"/usr/bin/make" "cmTC_0f02f/fast"
/usr/bin/make -f CMakeFiles/cmTC_0f02f.dir/build.make CMakeFiles/cmTC_0f02f.dir/build
make[1]: Entering directory '/home/naburoky/Paralela/git_remoto/Paralela/Practicas/OpenCV/build/CMakeFiles/CMakeTmp'
Building CXX object CMakeFiles/cmTC_0f02f.dir/src.cxx.o
/usr/bin/c++    -fsigned-char -W -Wall -Werror=return-type -Werror=non-virtual-dtor -Werror=address -Werror=sequence-point -Wformat -Werror=format-security -Winit-self -Wpointer-arith -Wuninitialized -Wno-delete-non-virtual-dtor -Wno-comment -Wimplicit-fallthrough=3 -Wno-strict-overflow -fdiagnostics-show-option -Wno-long-long -pthread -fomit-frame-pointer -ffunction-sections -fdata-sections  -msse -msse2 -msse3 -fvisibility=hidden -fvisibility-inlines-hidden -Wno-deprecated -Wno-missing-declarations -Wno-shadow -Wno-unused-parameter -Wno-unused-local-typedefs -Wno-sign-compare -Wno-sign-promo -Wno-undef -Wno-ignored-qualifiers -Wno-extra -Wno-unused-function -Wno-unused-const-variable -Wno-invalid-offsetof -Wno-suggest-override  -O3 -DNDEBUG  -DNDEBUG -fPIE   -Wno-inconsistent-missing-override -std=c++11 -o CMakeFiles/cmTC_0f02f.dir/src.cxx.o -c /home/naburoky/Paralela/git_remoto/Paralela/Practicas/OpenCV/build/CMakeFiles/CMakeTmp/src.cxx
/home/naburoky/Paralela/git_remoto/Paralela/Practicas/OpenCV/build/CMakeFiles/CMakeTmp/src.cxx:1:0: warning: ignoring #pragma   [-Wunknown-pragmas]
 #pragma
 
cc1plus: warning: unrecognized command line option ‘-Wno-inconsistent-missing-override’
Linking CXX executable cmTC_0f02f
/usr/bin/cmake -E cmake_link_script CMakeFiles/cmTC_0f02f.dir/link.txt --verbose=1
/usr/bin/c++     -fsigned-char -W -Wall -Werror=return-type -Werror=non-virtual-dtor -Werror=address -Werror=sequence-point -Wformat -Werror=format-security -Winit-self -Wpointer-arith -Wuninitialized -Wno-delete-non-virtual-dtor -Wno-comment -Wimplicit-fallthrough=3 -Wno-strict-overflow -fdiagnostics-show-option -Wno-long-long -pthread -fomit-frame-pointer -ffunction-sections -fdata-sections  -msse -msse2 -msse3 -fvisibility=hidden -fvisibility-inlines-hidden -Wno-deprecated -Wno-missing-declarations -Wno-shadow -Wno-unused-parameter -Wno-unused-local-typedefs -Wno-sign-compare -Wno-sign-promo -Wno-undef -Wno-ignored-qualifiers -Wno-extra -Wno-unused-function -Wno-unused-const-variable -Wno-invalid-offsetof -Wno-suggest-override  -O3 -DNDEBUG  -DNDEBUG    -Wl,--gc-sections -Wl,--as-needed  CMakeFiles/cmTC_0f02f.dir/src.cxx.o  -o cmTC_0f02f 
make[1]: Leaving directory '/home/naburoky/Paralela/git_remoto/Paralela/Practicas/OpenCV/build/CMakeFiles/CMakeTmp'

===== END =====

Determining if the include file sys/videoio.h exists failed with the following output:
Change Dir: /home/naburoky/Paralela/git_remoto/Paralela/Practicas/OpenCV/build/CMakeFiles/CMakeTmp

Run Build Command:"/usr/bin/make" "cmTC_562ea/fast"
/usr/bin/make -f CMakeFiles/cmTC_562ea.dir/build.make CMakeFiles/cmTC_562ea.dir/build
make[1]: Entering directory '/home/naburoky/Paralela/git_remoto/Paralela/Practicas/OpenCV/build/CMakeFiles/CMakeTmp'
Building C object CMakeFiles/cmTC_562ea.dir/CheckIncludeFile.c.o
/usr/bin/cc   -fsigned-char -W -Wall -Werror=return-type -Werror=address -Werror=sequence-point -Wformat -Werror=format-security -Wmissing-declarations -Wmissing-prototypes -Wstrict-prototypes -Wundef -Winit-self -Wpointer-arith -Wshadow -Wuninitialized -Wno-comment -Wimplicit-fallthrough=3 -Wno-strict-overflow -fdiagnostics-show-option -Wno-long-long -pthread -fomit-frame-pointer -ffunction-sections -fdata-sections  -msse -msse2 -msse3 -fvisibility=hidden  -O3 -DNDEBUG  -DNDEBUG -fPIE   -o CMakeFiles/cmTC_562ea.dir/CheckIncludeFile.c.o   -c /home/naburoky/Paralela/git_remoto/Paralela/Practicas/OpenCV/build/CMakeFiles/CMakeTmp/CheckIncludeFile.c
/home/naburoky/Paralela/git_remoto/Paralela/Practicas/OpenCV/build/CMakeFiles/CMakeTmp/CheckIncludeFile.c:1:10: fatal error: sys/videoio.h: No such file or directory
 #include <sys/videoio.h>
          ^~~~~~~~~~~~~~~
compilation terminated.
CMakeFiles/cmTC_562ea.dir/build.make:65: recipe for target 'CMakeFiles/cmTC_562ea.dir/CheckIncludeFile.c.o' failed
make[1]: *** [CMakeFiles/cmTC_562ea.dir/CheckIncludeFile.c.o] Error 1
make[1]: Leaving directory '/home/naburoky/Paralela/git_remoto/Paralela/Practicas/OpenCV/build/CMakeFiles/CMakeTmp'
Makefile:126: recipe for target 'cmTC_562ea/fast' failed
make: *** [cmTC_562ea/fast] Error 2


Build output check failed:
    Regex: 'unrecognized .*option'
    Output line: 'cc1plus: warning: unrecognized command line option ‘-Wno-unused-private-field’'
Compilation failed:
    source file: '/home/naburoky/Paralela/git_remoto/Paralela/Practicas/OpenCV/build/CMakeFiles/CMakeTmp/src.cxx'
    check option: ' -Wno-unused-private-field'
===== BUILD LOG =====
Change Dir: /home/naburoky/Paralela/git_remoto/Paralela/Practicas/OpenCV/build/CMakeFiles/CMakeTmp

Run Build Command:"/usr/bin/make" "cmTC_34a36/fast"
/usr/bin/make -f CMakeFiles/cmTC_34a36.dir/build.make CMakeFiles/cmTC_34a36.dir/build
make[1]: Entering directory '/home/naburoky/Paralela/git_remoto/Paralela/Practicas/OpenCV/build/CMakeFiles/CMakeTmp'
Building CXX object CMakeFiles/cmTC_34a36.dir/src.cxx.o
/usr/bin/c++    -fsigned-char -W -Wall -Werror=return-type -Werror=non-virtual-dtor -Werror=address -Werror=sequence-point -Wformat -Werror=format-security -Wmissing-declarations -Wundef -Winit-self -Wpointer-arith -Wshadow -Wsign-promo -Wuninitialized -Wsuggest-override -Wno-delete-non-virtual-dtor -Wno-comment -Wimplicit-fallthrough=3 -Wno-strict-overflow -fdiagnostics-show-option -Wno-long-long -pthread -fomit-frame-pointer -ffunction-sections -fdata-sections  -msse -msse2 -msse3 -fvisibility=hidden -fvisibility-inlines-hidden -Wno-unused-function -Wno-deprecated-declarations -Wno-overloaded-virtual  -O3 -DNDEBUG  -DNDEBUG -fPIE   -Wno-unused-private-field -std=c++11 -o CMakeFiles/cmTC_34a36.dir/src.cxx.o -c /home/naburoky/Paralela/git_remoto/Paralela/Practicas/OpenCV/build/CMakeFiles/CMakeTmp/src.cxx
/home/naburoky/Paralela/git_remoto/Paralela/Practicas/OpenCV/build/CMakeFiles/CMakeTmp/src.cxx:1:0: warning: ignoring #pragma   [-Wunknown-pragmas]
 #pragma
 
cc1plus: warning: unrecognized command line option ‘-Wno-unused-private-field’
Linking CXX executable cmTC_34a36
/usr/bin/cmake -E cmake_link_script CMakeFiles/cmTC_34a36.dir/link.txt --verbose=1
/usr/bin/c++     -fsigned-char -W -Wall -Werror=return-type -Werror=non-virtual-dtor -Werror=address -Werror=sequence-point -Wformat -Werror=format-security -Wmissing-declarations -Wundef -Winit-self -Wpointer-arith -Wshadow -Wsign-promo -Wuninitialized -Wsuggest-override -Wno-delete-non-virtual-dtor -Wno-comment -Wimplicit-fallthrough=3 -Wno-strict-overflow -fdiagnostics-show-option -Wno-long-long -pthread -fomit-frame-pointer -ffunction-sections -fdata-sections  -msse -msse2 -msse3 -fvisibility=hidden -fvisibility-inlines-hidden -Wno-unused-function -Wno-deprecated-declarations -Wno-overloaded-virtual  -O3 -DNDEBUG  -DNDEBUG    -Wl,--gc-sections -Wl,--as-needed  CMakeFiles/cmTC_34a36.dir/src.cxx.o  -o cmTC_34a36 
make[1]: Leaving directory '/home/naburoky/Paralela/git_remoto/Paralela/Practicas/OpenCV/build/CMakeFiles/CMakeTmp'

===== END =====

